[debug] [2024-04-20T14:31:59.228Z] ----------------------------------------------------------------------
[debug] [2024-04-20T14:31:59.235Z] Command:       C:\Program Files\nodejs\node.exe C:\Users\bruno\AppData\Roaming\npm\node_modules\firebase-tools\lib\bin\firebase.js init
[debug] [2024-04-20T14:31:59.235Z] CLI Version:   12.3.1
[debug] [2024-04-20T14:31:59.235Z] Platform:      win32
[debug] [2024-04-20T14:31:59.236Z] Node Version:  v20.11.1
[debug] [2024-04-20T14:31:59.236Z] Time:          Sat Apr 20 2024 11:31:59 GMT-0300 (Horário Padrão de Brasília)
[debug] [2024-04-20T14:31:59.236Z] ----------------------------------------------------------------------
[debug] 
[debug] [2024-04-20T14:31:59.238Z] >>> [apiv2][query] GET https://firebase-public.firebaseio.com/cli.json [none]
[debug] [2024-04-20T14:31:59.275Z] > command requires scopes: ["email","openid","https://www.googleapis.com/auth/cloudplatformprojects.readonly","https://www.googleapis.com/auth/firebase","https://www.googleapis.com/auth/cloud-platform"]
[debug] [2024-04-20T14:31:59.275Z] > authorizing via signed-in user (brunao.oss@gmail.com)
[info] 
     ######## #### ########  ######## ########     ###     ######  ########
     ##        ##  ##     ## ##       ##     ##  ##   ##  ##       ##
     ######    ##  ########  ######   ########  #########  ######  ######
     ##        ##  ##    ##  ##       ##     ## ##     ##       ## ##
     ##       #### ##     ## ######## ########  ##     ##  ######  ########

You're about to initialize a Firebase project in this directory:

  C:\Users\bruno\Projetos\graph-latex-generator

[debug] [2024-04-20T14:31:59.872Z] <<< [apiv2][status] GET https://firebase-public.firebaseio.com/cli.json 200
[debug] [2024-04-20T14:31:59.872Z] <<< [apiv2][body] GET https://firebase-public.firebaseio.com/cli.json {"cloudBuildErrorAfter":1594252800000,"cloudBuildWarnAfter":1590019200000,"defaultNode10After":1594252800000,"minVersion":"3.0.5","node8DeploysDisabledAfter":1613390400000,"node8RuntimeDisabledAfter":1615809600000,"node8WarnAfter":1600128000000}
